jellyfish@jellyfish:~/cpps/FinalPaperSourceCodes/s3Registration-qr0524$ ./autobuild.sh 
autobuild.sh  CMakeLists.txt  registration20200524.cpp  voxelPcds
-- The C compiler identification is GNU 5.4.0
-- The CXX compiler identification is GNU 5.4.0
-- Check for working C compiler: /usr/bin/cc
-- Check for working C compiler: /usr/bin/cc -- works
-- Detecting C compiler ABI info
-- Detecting C compiler ABI info - done
-- Detecting C compile features
-- Detecting C compile features - done
-- Check for working CXX compiler: /usr/bin/c++
-- Check for working CXX compiler: /usr/bin/c++ -- works
-- Detecting CXX compiler ABI info
-- Detecting CXX compiler ABI info - done
-- Detecting CXX compile features
-- Detecting CXX compile features - done
-- Checking for module 'eigen3'
--   Found eigen3, version 3.3.7
-- Found Eigen: /usr/include/eigen3  
-- Eigen found (include: /usr/include/eigen3, version: 3.3.7)
-- Looking for pthread.h
-- Looking for pthread.h - found
-- Looking for pthread_create
-- Looking for pthread_create - not found
-- Looking for pthread_create in pthreads
-- Looking for pthread_create in pthreads - not found
-- Looking for pthread_create in pthread
-- Looking for pthread_create in pthread - found
-- Found Threads: TRUE  
-- Boost version: 1.58.0
-- Found the following Boost libraries:
--   system
--   filesystem
--   thread
--   date_time
--   iostreams
--   serialization
--   chrono
--   atomic
--   regex
-- Checking for module 'libusb-1.0'
--   Found libusb-1.0, version 1.0.20
-- Found USB_10: /usr/lib/x86_64-linux-gnu/libusb-1.0.so  
-- Found OpenNI: /usr/lib/libOpenNI.so  
-- OpenNI found (include: /usr/include/ni, lib: /usr/lib/libOpenNI.so)
-- Found OpenNI2: /usr/lib/libOpenNI2.so  
-- OpenNI2 found (include: /usr/include/openni2, lib: /usr/lib/libOpenNI2.so)
** WARNING ** io features related to pcap will be disabled
** WARNING ** io features related to png will be disabled
-- Found libusb-1.0: /usr/include  
** WARNING ** io features related to libusb-1.0 will be disabled
-- Checking for module 'flann'
--   Found flann, version 1.8.4
-- FLANN found (include: , lib: flann_cpp)
-- FLANN found (include: , lib: flann_cpp)
-- Found Qhull: optimized;/usr/local/lib/libqhull_p.so;debug;/usr/local/lib/libqhull_p.so  
-- QHULL found (include: /usr/include, lib: optimized;/usr/local/lib/libqhull_p.so;debug;/usr/local/lib/libqhull_p.so)
-- OpenNI found (include: /usr/include/ni, lib: /usr/lib/libOpenNI.so)
-- OpenNI2 found (include: /usr/include/openni2, lib: /usr/lib/libOpenNI2.so)
-- looking for PCL_COMMON
-- Found PCL_COMMON: /usr/local/lib/libpcl_common.so  
-- looking for PCL_OCTREE
-- Found PCL_OCTREE: /usr/local/lib/libpcl_octree.so  
-- looking for PCL_IO
-- Found PCL_IO: /usr/local/lib/libpcl_io.so  
-- looking for PCL_KDTREE
-- Found PCL_KDTREE: /usr/local/lib/libpcl_kdtree.so  
-- looking for PCL_SEARCH
-- Found PCL_SEARCH: /usr/local/lib/libpcl_search.so  
-- looking for PCL_SAMPLE_CONSENSUS
-- Found PCL_SAMPLE_CONSENSUS: /usr/local/lib/libpcl_sample_consensus.so  
-- looking for PCL_FILTERS
-- Found PCL_FILTERS: /usr/local/lib/libpcl_filters.so  
-- looking for PCL_2D
-- Found PCL_2D: /usr/local/include/pcl-1.9  
-- looking for PCL_FEATURES
-- Found PCL_FEATURES: /usr/local/lib/libpcl_features.so  
-- looking for PCL_REGISTRATION
-- Found PCL_REGISTRATION: /usr/local/lib/libpcl_registration.so  
-- looking for PCL_ML
-- Found PCL_ML: /usr/local/lib/libpcl_ml.so  
-- looking for PCL_RECOGNITION
-- Found PCL_RECOGNITION: /usr/local/lib/libpcl_recognition.so  
-- looking for PCL_SURFACE
-- Found PCL_SURFACE: /usr/local/lib/libpcl_surface.so  
-- looking for PCL_GEOMETRY
-- Found PCL_GEOMETRY: /usr/local/include/pcl-1.9  
-- looking for PCL_VISUALIZATION
-- Found PCL_VISUALIZATION: /usr/local/lib/libpcl_visualization.so  
-- looking for PCL_SEGMENTATION
-- Found PCL_SEGMENTATION: /usr/local/lib/libpcl_segmentation.so  
-- looking for PCL_KEYPOINTS
-- Found PCL_KEYPOINTS: /usr/local/lib/libpcl_keypoints.so  
-- looking for PCL_TRACKING
-- Found PCL_TRACKING: /usr/local/lib/libpcl_tracking.so  
-- looking for PCL_STEREO
-- Found PCL_STEREO: /usr/local/lib/libpcl_stereo.so  
-- looking for PCL_OUTOFCORE
-- Found PCL_OUTOFCORE: /usr/local/lib/libpcl_outofcore.so  
-- looking for PCL_PEOPLE
-- Found PCL_PEOPLE: /usr/local/lib/libpcl_people.so  
-- Found PCL: pcl_common;pcl_octree;pcl_io;pcl_kdtree;pcl_search;pcl_sample_consensus;pcl_filters;pcl_features;pcl_registration;pcl_ml;pcl_recognition;pcl_surface;pcl_visualization;pcl_segmentation;pcl_keypoints;pcl_tracking;pcl_stereo;pcl_outofcore;pcl_people;/usr/lib/x86_64-linux-gnu/libboost_system.so;/usr/lib/x86_64-linux-gnu/libboost_filesystem.so;/usr/lib/x86_64-linux-gnu/libboost_thread.so;/usr/lib/x86_64-linux-gnu/libboost_date_time.so;/usr/lib/x86_64-linux-gnu/libboost_iostreams.so;/usr/lib/x86_64-linux-gnu/libboost_serialization.so;/usr/lib/x86_64-linux-gnu/libboost_chrono.so;/usr/lib/x86_64-linux-gnu/libboost_atomic.so;/usr/lib/x86_64-linux-gnu/libboost_regex.so;/usr/lib/x86_64-linux-gnu/libpthread.so;optimized;/usr/local/lib/libqhull_p.so;debug;/usr/local/lib/libqhull_p.so;/usr/lib/libOpenNI.so;/usr/lib/libOpenNI2.so;flann_cpp;vtkFiltersParallelImaging;vtkFiltersImaging;vtkFiltersStatistics;vtkCommonExecutionModel;vtkCommonDataModel;vtkCommonMath;vtkCommonCore;vtksys;vtkCommonMisc;vtkCommonSystem;vtkCommonTransforms;vtkImagingFourier;vtkImagingCore;vtkalglib;vtkImagingGeneral;vtkImagingSources;vtkFiltersParallel;vtkFiltersExtraction;vtkFiltersCore;vtkFiltersGeneral;vtkCommonComputationalGeometry;vtkFiltersGeometry;vtkFiltersModeling;vtkFiltersSources;vtkParallelCore;vtkIOLegacy;vtkIOCore;vtkzlib;vtkRenderingCore;vtkCommonColor;vtkIOPLY;vtkIOGeometry;vtkFiltersGeneric;vtkViewsContext2D;vtkRenderingContext2D;vtkRenderingFreeType;vtkfreetype;vtkftgl;vtkViewsCore;vtkInteractionWidgets;vtkFiltersHybrid;vtkImagingHybrid;vtkIOImage;vtkDICOMParser;vtkmetaio;vtkjpeg;vtkpng;vtktiff;vtkInteractionStyle;vtkRenderingAnnotation;vtkImagingColor;vtkRenderingVolume;vtkjsoncpp;vtkexpat;vtkIONetCDF;vtkNetCDF;vtkNetCDF_cxx;vtkhdf5_hl;vtkhdf5;vtkIOMINC;vtkFiltersProgrammable;vtkRenderingContextOpenGL;vtkRenderingOpenGL;vtkViewsInfovis;vtkChartsCore;vtkInfovisCore;vtkInfovisLayout;vtkRenderingLabel;vtkIOAMR;vtkFiltersAMR;vtksqlite;vtkGUISupportQtWebkit;vtkViewsQt;vtkGUISupportQt;vtkFiltersTexture;vtkFiltersSelection;vtkRenderingVolumeOpenGL;verdict;vtkIOXMLParser;vtkproj4;vtkIOExport;vtkRenderingGL2PS;vtkgl2ps;vtkRenderingImage;vtkGUISupportQtOpenGL;vtkFiltersFlowPaths;vtkIOXML;vtkIOParallelXML;vtkFiltersHyperTree;vtkIOSQL;vtkoggtheora;vtkRenderingQt;vtkIOInfovis;vtklibxml2;vtkImagingStatistics;vtkexoIIc;vtkFiltersSMP;vtkGeovisCore;vtkFiltersVerdict;vtkIOParallel;vtkGUISupportQtSQL;vtkDomainsChemistry;vtkIOEnSight;vtkIOVideo;vtkImagingMath;vtkImagingStencil;vtkInteractionImage;vtkRenderingLIC;vtkIOImport;vtkIOMovie;vtkImagingMorphological;vtkRenderingLOD;vtkIOExodus;vtkIOLSDyna (Required is at least version "1.5") 
-- Found OpenCV: /usr/local (found version "4.1.0") 
Building the main cpp: /home/jellyfish/cpps/FinalPaperSourceCodes/s3Registration-qr0524/registration20200524.cpp
-- Configuring done
-- Generating done
-- Build files have been written to: /home/jellyfish/cpps/FinalPaperSourceCodes/s3Registration-qr0524/build20200525032319
Scanning dependencies of target main
[ 50%] Building CXX object CMakeFiles/main.dir/registration20200524.cpp.o
[100%] Linking CXX executable main
[100%] Built target main
CMakeCache.txt  CMakeFiles  cmake_install.cmake  main  Makefile
Visualization Initialization costs time: 463 ms.
Origional point number is: 858765
Current voxel point number is: 19720
9.3915e-05
1.57845
0.0672639
2.5038
0.393207
2.62751
Rotation matrix :
    | -0.871 -0.492  0.383 | 
R = |  0.492 -0.871 -0.595 | 
    | -0.383  0.595  0.924 | 
Translation vector :
t = <  0.000,  1.578,  0.067 >
Origional point number is: 310291
Current voxel point number is: 13051
Rotation matrix :
    |  1.000  0.000  0.000 | 
R = |  0.000  1.000  0.000 | 
    |  0.000  0.000  1.000 | 
Translation vector :
t = <  0.000,  0.000,  0.000 >
Origional point number is: 430630
Current voxel point number is: 19053
Rotation matrix :
    |  1.000  0.000  0.000 | 
R = |  0.000  1.000  0.000 | 
    |  0.000  0.000  1.000 | 
Translation vector :
t = <  0.000,  0.000,  0.000 >
jellyfish@jellyfish:~/cpps/FinalPaperSourceCodes/s3Registration-qr0524$ 
